<?xml version="1.0" encoding="UTF-8"?>
<!-- Generated by org.testng.reporters.JUnitReportReporter -->
<testsuite hostname="DESKTOP-CQ4V81B" failures="0" tests="1" name="Runner.TestRunner" time="0.339" errors="0" timestamp="06 May 2021 11:55:41 GMT" skipped="0">
  <testcase classname="Runner.TestRunner" name="runScenario" time="0.339"/>
</testsuite> <!-- Runner.TestRunner -->
